This is pdfTeX, Version 3.1415926-2.5-1.40.14 (MiKTeX 2.9 64-bit) (preloaded format=pdflatex 2014.6.23)  6 OCT 2014 10:41
entering extended mode
**nosql.tex
(D:\dropbox\Dropbox\thesis\nosql\nosql.tex
LaTeX2e <2011/06/27>
Babel <v3.8m> and hyphenation patterns for english, afrikaans, ancientgreek, ar
abic, armenian, assamese, basque, bengali, bokmal, bulgarian, catalan, coptic, 
croatian, czech, danish, dutch, esperanto, estonian, farsi, finnish, french, ga
lician, german, german-x-2013-05-26, greek, gujarati, hindi, hungarian, iceland
ic, indonesian, interlingua, irish, italian, kannada, kurmanji, latin, latvian,
 lithuanian, malayalam, marathi, mongolian, mongolianlmc, monogreek, ngerman, n
german-x-2013-05-26, nynorsk, oriya, panjabi, pinyin, polish, portuguese, roman
ian, russian, sanskrit, serbian, slovak, slovenian, spanish, swedish, swissgerm
an, tamil, telugu, turkish, turkmen, ukenglish, ukrainian, uppersorbian, usengl
ishmax, welsh, loaded.
("C:\Program Files\MiKTeX 2.9\tex\latex\base\article.cls"
Document Class: article 2007/10/19 v1.4h Standard LaTeX document class
("C:\Program Files\MiKTeX 2.9\tex\latex\base\size12.clo"
File: size12.clo 2007/10/19 v1.4h Standard LaTeX file (size option)
)
\c@part=\count79
\c@section=\count80
\c@subsection=\count81
\c@subsubsection=\count82
\c@paragraph=\count83
\c@subparagraph=\count84
\c@figure=\count85
\c@table=\count86
\abovecaptionskip=\skip41
\belowcaptionskip=\skip42
\bibindent=\dimen102
)
("C:\Program Files\MiKTeX 2.9\tex\latex\graphics\graphicx.sty"
Package: graphicx 1999/02/16 v1.0f Enhanced LaTeX Graphics (DPC,SPQR)

("C:\Program Files\MiKTeX 2.9\tex\latex\graphics\keyval.sty"
Package: keyval 1999/03/16 v1.13 key=value parser (DPC)
\KV@toks@=\toks14
)
("C:\Program Files\MiKTeX 2.9\tex\latex\graphics\graphics.sty"
Package: graphics 2009/02/05 v1.0o Standard LaTeX Graphics (DPC,SPQR)

("C:\Program Files\MiKTeX 2.9\tex\latex\graphics\trig.sty"
Package: trig 1999/03/16 v1.09 sin cos tan (DPC)
)
("C:\Program Files\MiKTeX 2.9\tex\latex\00miktex\graphics.cfg"
File: graphics.cfg 2007/01/18 v1.5 graphics configuration of teTeX/TeXLive
)
Package graphics Info: Driver file: pdftex.def on input line 91.

("C:\Program Files\MiKTeX 2.9\tex\latex\pdftex-def\pdftex.def"
File: pdftex.def 2011/05/27 v0.06d Graphics/color for pdfTeX

("C:\Program Files\MiKTeX 2.9\tex\generic\oberdiek\infwarerr.sty"
Package: infwarerr 2010/04/08 v1.3 Providing info/warning/error messages (HO)
)
("C:\Program Files\MiKTeX 2.9\tex\generic\oberdiek\ltxcmds.sty"
Package: ltxcmds 2011/11/09 v1.22 LaTeX kernel commands for general use (HO)
)
\Gread@gobject=\count87
))
\Gin@req@height=\dimen103
\Gin@req@width=\dimen104
)
(C:\Users\PP\AppData\Roaming\MiKTeX\2.9\tex\latex\titling\titling.sty
Package: titling 2009/09/04 v2.1d maketitle typesetting
\thanksmarkwidth=\skip43
\thanksmargin=\skip44
\droptitle=\skip45
)
("C:\Program Files\MiKTeX 2.9\tex\latex\graphics\color.sty"
Package: color 2005/11/14 v1.0j Standard LaTeX Color (DPC)

("C:\Program Files\MiKTeX 2.9\tex\latex\00miktex\color.cfg"
File: color.cfg 2007/01/18 v1.5 color configuration of teTeX/TeXLive
)
Package color Info: Driver file: pdftex.def on input line 130.
)
(C:\Users\PP\AppData\Roaming\MiKTeX\2.9\tex\latex\rotating\rotating.sty
Package: rotating 2009/03/28 v2.16a rotated objects in LaTeX

("C:\Program Files\MiKTeX 2.9\tex\latex\base\ifthen.sty"
Package: ifthen 2001/05/26 v1.1c Standard LaTeX ifthen package (DPC)
)
\c@r@tfl@t=\count88
\rotFPtop=\skip46
\rotFPbot=\skip47
\rot@float@box=\box26
\rot@mess@toks=\toks15
)
(C:\Users\PP\AppData\Roaming\MiKTeX\2.9\tex\latex\url\url.sty
\Urlmuskip=\muskip10
Package: url 2013/09/16  ver 3.4  Verb mode for urls, etc.
)
(C:\Users\PP\AppData\Roaming\MiKTeX\2.9\tex\latex\listings\listings.sty
\lst@mode=\count89
\lst@gtempboxa=\box27
\lst@token=\toks16
\lst@length=\count90
\lst@currlwidth=\dimen105
\lst@column=\count91
\lst@pos=\count92
\lst@lostspace=\dimen106
\lst@width=\dimen107
\lst@newlines=\count93
\lst@lineno=\count94
\lst@maxwidth=\dimen108

(C:\Users\PP\AppData\Roaming\MiKTeX\2.9\tex\latex\listings\lstmisc.sty
File: lstmisc.sty 2014/03/04 1.5c (Carsten Heinz)
\c@lstnumber=\count95
\lst@skipnumbers=\count96
\lst@framebox=\box28
)
(C:\Users\PP\AppData\Roaming\MiKTeX\2.9\tex\latex\listings\listings.cfg
File: listings.cfg 2014/03/04 1.5c listings configuration
))
Package: listings 2014/03/04 1.5c (Carsten Heinz)

(C:\Users\PP\AppData\Roaming\MiKTeX\2.9\tex\latex\subfigure\subfigure.sty
Package: subfigure 2002/07/30 v2.1.4 subfigure package
\subfigtopskip=\skip48
\subfigcapskip=\skip49
\subfigcaptopadj=\dimen109
\subfigbottomskip=\skip50
\subfigcapmargin=\dimen110
\subfiglabelskip=\skip51
\c@subfigure=\count97
\c@lofdepth=\count98
\c@subtable=\count99
\c@lotdepth=\count100

****************************************
* Local config file subfigure.cfg used *
****************************************
(C:\Users\PP\AppData\Roaming\MiKTeX\2.9\tex\latex\subfigure\subfigure.cfg)
\subfig@top=\skip52
\subfig@bottom=\skip53
)
("C:\Program Files\MiKTeX 2.9\tex\latex\geometry\geometry.sty"
Package: geometry 2010/09/12 v5.6 Page Geometry

("C:\Program Files\MiKTeX 2.9\tex\generic\oberdiek\ifpdf.sty"
Package: ifpdf 2011/01/30 v2.3 Provides the ifpdf switch (HO)
Package ifpdf Info: pdfTeX in PDF mode is detected.
)
("C:\Program Files\MiKTeX 2.9\tex\generic\oberdiek\ifvtex.sty"
Package: ifvtex 2010/03/01 v1.5 Detect VTeX and its facilities (HO)
Package ifvtex Info: VTeX not detected.
)
("C:\Program Files\MiKTeX 2.9\tex\generic\ifxetex\ifxetex.sty"
Package: ifxetex 2010/09/12 v0.6 Provides ifxetex conditional
)
\Gm@cnth=\count101
\Gm@cntv=\count102
\c@Gm@tempcnt=\count103
\Gm@bindingoffset=\dimen111
\Gm@wd@mp=\dimen112
\Gm@odd@mp=\dimen113
\Gm@even@mp=\dimen114
\Gm@layoutwidth=\dimen115
\Gm@layoutheight=\dimen116
\Gm@layouthoffset=\dimen117
\Gm@layoutvoffset=\dimen118
\Gm@dimlist=\toks17

("C:\Program Files\MiKTeX 2.9\tex\latex\geometry\geometry.cfg"))
("C:\Program Files\MiKTeX 2.9\tex\latex\amsmath\amsmath.sty"
Package: amsmath 2013/01/14 v2.14 AMS math features
\@mathmargin=\skip54

For additional information on amsmath, use the `?' option.
("C:\Program Files\MiKTeX 2.9\tex\latex\amsmath\amstext.sty"
Package: amstext 2000/06/29 v2.01

("C:\Program Files\MiKTeX 2.9\tex\latex\amsmath\amsgen.sty"
File: amsgen.sty 1999/11/30 v2.0
\@emptytoks=\toks18
\ex@=\dimen119
))
("C:\Program Files\MiKTeX 2.9\tex\latex\amsmath\amsbsy.sty"
Package: amsbsy 1999/11/29 v1.2d
\pmbraise@=\dimen120
)
("C:\Program Files\MiKTeX 2.9\tex\latex\amsmath\amsopn.sty"
Package: amsopn 1999/12/14 v2.01 operator names
)
\inf@bad=\count104
LaTeX Info: Redefining \frac on input line 210.
\uproot@=\count105
\leftroot@=\count106
LaTeX Info: Redefining \overline on input line 306.
\classnum@=\count107
\DOTSCASE@=\count108
LaTeX Info: Redefining \ldots on input line 378.
LaTeX Info: Redefining \dots on input line 381.
LaTeX Info: Redefining \cdots on input line 466.
\Mathstrutbox@=\box29
\strutbox@=\box30
\big@size=\dimen121
LaTeX Font Info:    Redeclaring font encoding OML on input line 566.
LaTeX Font Info:    Redeclaring font encoding OMS on input line 567.
\macc@depth=\count109
\c@MaxMatrixCols=\count110
\dotsspace@=\muskip11
\c@parentequation=\count111
\dspbrk@lvl=\count112
\tag@help=\toks19
\row@=\count113
\column@=\count114
\maxfields@=\count115
\andhelp@=\toks20
\eqnshift@=\dimen122
\alignsep@=\dimen123
\tagshift@=\dimen124
\tagwidth@=\dimen125
\totwidth@=\dimen126
\lineht@=\dimen127
\@envbody=\toks21
\multlinegap=\skip55
\multlinetaggap=\skip56
\mathdisplay@stack=\toks22
LaTeX Info: Redefining \[ on input line 2665.
LaTeX Info: Redefining \] on input line 2666.
)
(D:\dropbox\Dropbox\thesis\nosql\nosql.aux)
LaTeX Font Info:    Checking defaults for OML/cmm/m/it on input line 38.
LaTeX Font Info:    ... okay on input line 38.
LaTeX Font Info:    Checking defaults for T1/cmr/m/n on input line 38.
LaTeX Font Info:    ... okay on input line 38.
LaTeX Font Info:    Checking defaults for OT1/cmr/m/n on input line 38.
LaTeX Font Info:    ... okay on input line 38.
LaTeX Font Info:    Checking defaults for OMS/cmsy/m/n on input line 38.
LaTeX Font Info:    ... okay on input line 38.
LaTeX Font Info:    Checking defaults for OMX/cmex/m/n on input line 38.
LaTeX Font Info:    ... okay on input line 38.
LaTeX Font Info:    Checking defaults for U/cmr/m/n on input line 38.
LaTeX Font Info:    ... okay on input line 38.

(C:\Users\PP\AppData\Roaming\MiKTeX\2.9\tex\context\base\supp-pdf.mkii
[Loading MPS to PDF converter (version 2006.09.02).]
\scratchcounter=\count116
\scratchdimen=\dimen128
\scratchbox=\box31
\nofMPsegments=\count117
\nofMParguments=\count118
\everyMPshowfont=\toks23
\MPscratchCnt=\count119
\MPscratchDim=\dimen129
\MPnumerator=\count120
\makeMPintoPDFobject=\count121
\everyMPtoPDFconversion=\toks24
)
\c@lstlisting=\count122

*geometry* driver: auto-detecting
*geometry* detected driver: pdftex
*geometry* verbose mode - [ preamble ] result:
* driver: pdftex
* paper: a4paper
* layout: <same size as paper>
* layoutoffset:(h,v)=(0.0pt,0.0pt)
* modes: 
* h-part:(L,W,R)=(113.81102pt, 426.79135pt, 56.9055pt)
* v-part:(T,H,B)=(56.9055pt, 731.23584pt, 56.9055pt)
* \paperwidth=597.50787pt
* \paperheight=845.04684pt
* \textwidth=426.79135pt
* \textheight=731.23584pt
* \oddsidemargin=41.54103pt
* \evensidemargin=41.54103pt
* \topmargin=-52.36449pt
* \headheight=12.0pt
* \headsep=25.0pt
* \topskip=12.0pt
* \footskip=30.0pt
* \marginparwidth=35.0pt
* \marginparsep=10.0pt
* \columnsep=10.0pt
* \skip\footins=10.8pt plus 4.0pt minus 2.0pt
* \hoffset=0.0pt
* \voffset=0.0pt
* \mag=1000
* \@twocolumnfalse
* \@twosidefalse
* \@mparswitchfalse
* \@reversemarginfalse
* (1in=72.27pt=25.4mm, 1cm=28.453pt)

[1

{C:/Users/PP/AppData/Local/MiKTeX/2.9/pdftex/config/pdftex.map}] [2] [3]
(D:\dropbox\Dropbox\thesis\nosql\nosql.toc)
\tf@toc=\write3
 [4]

LaTeX Warning: Citation `www/xml' on page 1 undefined on input line 114.


LaTeX Warning: Reference `s.method' on page 1 undefined on input line 120.


LaTeX Warning: Reference `s.rwork' on page 1 undefined on input line 122.


LaTeX Warning: Reference `s.basex' on page 1 undefined on input line 124.


LaTeX Warning: Reference `s.mongo' on page 1 undefined on input line 125.

[1] [2] (D:\dropbox\Dropbox\thesis\nosql\nosql.bbl)
(D:\dropbox\Dropbox\thesis\nosql\nosql.lof)
\tf@lof=\write4
 [3]
(D:\dropbox\Dropbox\thesis\nosql\nosql.lot)
\tf@lot=\write5
 [4]
(D:\dropbox\Dropbox\thesis\nosql\nosql.lol)
\tf@lol=\write6
 [5]
(D:\dropbox\Dropbox\thesis\nosql\nosql.aux)

LaTeX Warning: There were undefined references.

 ) 
Here is how much of TeX's memory you used:
 3896 strings out of 493921
 53326 string characters out of 3147291
 118613 words of memory out of 3000000
 7146 multiletter control sequences out of 15000+200000
 9933 words of font info for 36 fonts, out of 3000000 for 9000
 841 hyphenation exceptions out of 8191
 27i,6n,32p,576b,219s stack positions out of 5000i,500n,10000p,200000b,50000s
<C:/Program Files/MiKTeX 2.9/fonts/type1/public/amsfonts/cm/cmbx12.pfb><C:/Pr
ogram Files/MiKTeX 2.9/fonts/type1/public/amsfonts/cm/cmr12.pfb><C:/Program Fil
es/MiKTeX 2.9/fonts/type1/public/amsfonts/cm/cmr17.pfb>
Output written on nosql.pdf (9 pages, 55376 bytes).
PDF statistics:
 44 PDF objects out of 1000 (max. 8388607)
 0 named destinations out of 1000 (max. 500000)
 1 words of extra memory for PDF output out of 10000 (max. 10000000)

